{"/Users/codebrahma/Desktop/workspace/MovieTicketBooking/backend/app/Auth/controller.test.js":{"path":"/Users/codebrahma/Desktop/workspace/MovieTicketBooking/backend/app/Auth/controller.test.js","s":{"1":1,"2":1,"3":1,"4":1,"5":1,"6":1},"b":{},"f":{"1":1,"2":1},"fnMap":{"1":{"name":"(anonymous_1)","line":5,"loc":{"start":{"line":5,"column":26},"end":{"line":5,"column":38}}},"2":{"name":"(anonymous_2)","line":6,"loc":{"start":{"line":6,"column":24},"end":{"line":6,"column":36}}}},"statementMap":{"1":{"start":{"line":1,"column":-15},"end":{"line":1,"column":-15}},"2":{"start":{"line":2,"column":0},"end":{"line":2,"column":0}},"3":{"start":{"line":3,"column":0},"end":{"line":3,"column":0}},"4":{"start":{"line":5,"column":0},"end":{"line":5,"column":0}},"5":{"start":{"line":6,"column":2},"end":{"line":6,"column":2}},"6":{"start":{"line":7,"column":4},"end":{"line":7,"column":4}}},"branchMap":{}}}